[    0.000000] Linux version 4.15.0-88-generic (buildd@lgw01-amd64-036) (gcc version 7.4.0 (Ubuntu 7.4.0-1ubuntu1~18.04.1)) #88-Ubuntu SMP Tue Feb 11 20:11:34 UTC 2020 (Ubuntu 4.15.0-88.88-generic 4.15.18)
[    0.000000] Command line: BOOT_IMAGE=/boot/vmlinuz-4.15.0-88-generic root=UUID=3908abf1-f4fb-47fa-ac39-df5c026ef103 ro console=tty1 console=ttyS0
[    0.000000] KERNEL supported cpus:
[    0.000000]   Intel GenuineIntel
[    0.000000]   AMD AuthenticAMD
[    0.000000]   Centaur CentaurHauls
[    0.000000] x86/fpu: Supporting XSAVE feature 0x001: 'x87 floating point registers'
[    0.000000] x86/fpu: Supporting XSAVE feature 0x002: 'SSE registers'
[    0.000000] x86/fpu: Supporting XSAVE feature 0x004: 'AVX registers'
[    0.000000] x86/fpu: xstate_offset[2]:  576, xstate_sizes[2]:  256
[    0.000000] x86/fpu: Enabled xstate features 0x7, context size is 832 bytes, using 'standard' format.
[    0.000000] e820: BIOS-provided physical RAM map:
[    0.000000] BIOS-e820: [mem 0x0000000000000000-0x000000000009fbff] usable
[    0.000000] BIOS-e820: [mem 0x000000000009fc00-0x000000000009ffff] reserved
[    0.000000] BIOS-e820: [mem 0x00000000000f0000-0x00000000000fffff] reserved
[    0.000000] BIOS-e820: [mem 0x0000000000100000-0x000000003ffeffff] usable
[    0.000000] BIOS-e820: [mem 0x000000003fff0000-0x000000003fffffff] ACPI data
[    0.000000] BIOS-e820: [mem 0x00000000fec00000-0x00000000fec00fff] reserved
[    0.000000] BIOS-e820: [mem 0x00000000fee00000-0x00000000fee00fff] reserved
[    0.000000] BIOS-e820: [mem 0x00000000fffc0000-0x00000000ffffffff] reserved
[    0.000000] NX (Execute Disable) protection: active
[    0.000000] SMBIOS 2.5 present.
[    0.000000] DMI: innotek GmbH VirtualBox/VirtualBox, BIOS VirtualBox 12/01/2006
[    0.000000] Hypervisor detected: KVM
[    0.000000] e820: last_pfn = 0x3fff0 max_arch_pfn = 0x400000000
[    0.000000] MTRR: Disabled
[    0.000000] x86/PAT: MTRRs disabled, skipping PAT initialization too.
[    0.000000] CPU MTRRs all blank - virtualized system.
[    0.000000] x86/PAT: Configuration [0-7]: WB  WT  UC- UC  WB  WT  UC- UC  
[    0.000000] found SMP MP-table at [mem 0x0009fff0-0x0009ffff]
[    0.000000] Scanning 1 areas for low memory corruption
[    0.000000] RAMDISK: [mem 0x35967000-0x36caafff]
[    0.000000] ACPI: Early table checksum verification disabled
[    0.000000] ACPI: RSDP 0x00000000000E0000 000024 (v02 VBOX  )
[    0.000000] ACPI: XSDT 0x000000003FFF0030 00003C (v01 VBOX   VBOXXSDT 00000001 ASL  00000061)
[    0.000000] ACPI: FACP 0x000000003FFF00F0 0000F4 (v04 VBOX   VBOXFACP 00000001 ASL  00000061)
[    0.000000] ACPI: DSDT 0x000000003FFF0470 0022EA (v02 VBOX   VBOXBIOS 00000002 INTL 20100528)
[    0.000000] ACPI: FACS 0x000000003FFF0200 000040
[    0.000000] ACPI: FACS 0x000000003FFF0200 000040
[    0.000000] ACPI: APIC 0x000000003FFF0240 00005C (v02 VBOX   VBOXAPIC 00000001 ASL  00000061)
[    0.000000] ACPI: SSDT 0x000000003FFF02A0 0001CC (v01 VBOX   VBOXCPUT 00000002 INTL 20100528)
[    0.000000] No NUMA configuration found
[    0.000000] Faking a node at [mem 0x0000000000000000-0x000000003ffeffff]
[    0.000000] NODE_DATA(0) allocated [mem 0x3ffc5000-0x3ffeffff]
[    0.000000] kvm-clock: cpu 0, msr 0:3ff44001, primary cpu clock
[    0.000000] kvm-clock: Using msrs 4b564d01 and 4b564d00
[    0.000000] kvm-clock: using sched offset of 4364294020 cycles
[    0.000000] clocksource: kvm-clock: mask: 0xffffffffffffffff max_cycles: 0x1cd42e4dffb, max_idle_ns: 881590591483 ns
[    0.000000] Zone ranges:
[    0.000000]   DMA      [mem 0x0000000000001000-0x0000000000ffffff]
[    0.000000]   DMA32    [mem 0x0000000001000000-0x000000003ffeffff]
[    0.000000]   Normal   empty
[    0.000000]   Device   empty
[    0.000000] Movable zone start for each node
[    0.000000] Early memory node ranges
[    0.000000]   node   0: [mem 0x0000000000001000-0x000000000009efff]
[    0.000000]   node   0: [mem 0x0000000000100000-0x000000003ffeffff]
[    0.000000] Reserved but unavailable: 98 pages
[    0.000000] Initmem setup node 0 [mem 0x0000000000001000-0x000000003ffeffff]
[    0.000000] ACPI: PM-Timer IO Port: 0x4008
[    0.000000] IOAPIC[0]: apic_id 2, version 32, address 0xfec00000, GSI 0-23
[    0.000000] ACPI: INT_SRC_OVR (bus 0 bus_irq 0 global_irq 2 dfl dfl)
[    0.000000] ACPI: INT_SRC_OVR (bus 0 bus_irq 9 global_irq 9 low level)
[    0.000000] Using ACPI (MADT) for SMP configuration information
[    0.000000] smpboot: Allowing 2 CPUs, 0 hotplug CPUs
[    0.000000] PM: Registered nosave memory: [mem 0x00000000-0x00000fff]
[    0.000000] PM: Registered nosave memory: [mem 0x0009f000-0x0009ffff]
[    0.000000] PM: Registered nosave memory: [mem 0x000a0000-0x000effff]
[    0.000000] PM: Registered nosave memory: [mem 0x000f0000-0x000fffff]
[    0.000000] e820: [mem 0x40000000-0xfebfffff] available for PCI devices
[    0.000000] Booting paravirtualized kernel on KVM
[    0.000000] clocksource: refined-jiffies: mask: 0xffffffff max_cycles: 0xffffffff, max_idle_ns: 7645519600211568 ns
[    0.000000] random: get_random_bytes called from start_kernel+0x99/0x4fd with crng_init=0
[    0.000000] setup_percpu: NR_CPUS:8192 nr_cpumask_bits:2 nr_cpu_ids:2 nr_node_ids:1
[    0.000000] percpu: Embedded 45 pages/cpu s147456 r8192 d28672 u1048576
[    0.000000] PV qspinlock hash table entries: 256 (order: 0, 4096 bytes)
[    0.000000] Built 1 zonelists, mobility grouping on.  Total pages: 257913
[    0.000000] Policy zone: DMA32
[    0.000000] Kernel command line: BOOT_IMAGE=/boot/vmlinuz-4.15.0-88-generic root=UUID=3908abf1-f4fb-47fa-ac39-df5c026ef103 ro console=tty1 console=ttyS0
[    0.000000] Memory: 982544K/1048120K available (12300K kernel code, 2481K rwdata, 4264K rodata, 2428K init, 2712K bss, 65576K reserved, 0K cma-reserved)
[    0.000000] SLUB: HWalign=64, Order=0-3, MinObjects=0, CPUs=2, Nodes=1
[    0.000000] Kernel/User page tables isolation: enabled
[    0.000000] ftrace: allocating 39344 entries in 154 pages
[    0.004000] Hierarchical RCU implementation.
[    0.004000] 	RCU restricting CPUs from NR_CPUS=8192 to nr_cpu_ids=2.
[    0.004000] 	Tasks RCU enabled.
[    0.004000] RCU: Adjusting geometry for rcu_fanout_leaf=16, nr_cpu_ids=2
[    0.004000] NR_IRQS: 524544, nr_irqs: 440, preallocated irqs: 16
[    0.004000] Console: colour VGA+ 80x25
[    0.004000] console [tty1] enabled
[    0.004000] console [ttyS0] enabled
[    0.004000] ACPI: Core revision 20170831
[    0.004000] ACPI: 2 ACPI AML tables successfully acquired and loaded
[    0.004000] APIC: Switch to symmetric I/O mode setup
[    0.004000] x2apic enabled
[    0.004000] Switched APIC routing to physical x2apic.
[    0.004000] ..TIMER: vector=0x30 apic1=0 pin1=2 apic2=-1 pin2=-1
[    0.004004] tsc: Detected 1608.000 MHz processor
[    0.005444] Calibrating delay loop (skipped) preset value.. 3216.00 BogoMIPS (lpj=6432000)
[    0.008004] pid_max: default: 32768 minimum: 301
[    0.009179] Security Framework initialized
[    0.012002] Yama: becoming mindful.
[    0.012930] AppArmor: AppArmor initialized
[    0.016066] Dentry cache hash table entries: 131072 (order: 8, 1048576 bytes)
[    0.018457] Inode-cache hash table entries: 65536 (order: 7, 524288 bytes)
[    0.020016] Mount-cache hash table entries: 2048 (order: 2, 16384 bytes)
[    0.021688] Mountpoint-cache hash table entries: 2048 (order: 2, 16384 bytes)
[    0.023690] Last level iTLB entries: 4KB 64, 2MB 8, 4MB 8
[    0.024002] Last level dTLB entries: 4KB 64, 2MB 0, 4MB 0, 1GB 4
[    0.026219] Spectre V1 : Mitigation: usercopy/swapgs barriers and __user pointer sanitization
[    0.028003] Spectre V2 : Mitigation: Full generic retpoline
[    0.029439] Spectre V2 : Spectre v2 / SpectreRSB mitigation: Filling RSB on context switch
[    0.032002] Speculative Store Bypass: Vulnerable
[    0.033176] MDS: Mitigation: Clear CPU buffers
[    0.034545] Freeing SMP alternatives memory: 36K
[    0.148432] smpboot: CPU0: Intel(R) Core(TM) i5-8210Y CPU @ 1.60GHz (family: 0x6, model: 0x8e, stepping: 0x9)
[    0.152000] Performance Events: unsupported p6 CPU model 142 no PMU driver, software events only.
[    0.152036] Hierarchical SRCU implementation.
[    0.153745] NMI watchdog: Perf event create on CPU 0 failed with -2
[    0.156004] NMI watchdog: Perf NMI watchdog permanently disabled
[    0.158585] smp: Bringing up secondary CPUs ...
[    0.160114] x86: Booting SMP configuration:
[    0.161361] .... node  #0, CPUs:      #1
[    0.004000] kvm-clock: cpu 1, msr 0:3ff44041, secondary cpu clock
[    0.168065] smp: Brought up 1 node, 2 CPUs
[    0.169637] smpboot: Max logical packages: 1
[    0.172013] smpboot: Total of 2 processors activated (6432.00 BogoMIPS)
[    0.176051] devtmpfs: initialized
[    0.177728] x86/mm: Memory block size: 128MB
[    0.178949] evm: security.selinux
[    0.179795] evm: security.SMACK64
[    0.180005] evm: security.SMACK64EXEC
[    0.180946] evm: security.SMACK64TRANSMUTE
[    0.182167] evm: security.SMACK64MMAP
[    0.183089] evm: security.apparmor
[    0.184003] evm: security.ima
[    0.184765] evm: security.capability
[    0.186307] clocksource: jiffies: mask: 0xffffffff max_cycles: 0xffffffff, max_idle_ns: 7645041785100000 ns
[    0.188012] futex hash table entries: 512 (order: 3, 32768 bytes)
[    0.191526] pinctrl core: initialized pinctrl subsystem
[    0.194138] RTC time:  6:56:51, date: 03/25/20
[    0.196202] NET: Registered protocol family 16
[    0.197854] audit: initializing netlink subsys (disabled)
[    0.200038] audit: type=2000 audit(1585119417.732:1): state=initialized audit_enabled=0 res=1
[    0.200152] cpuidle: using governor ladder
[    0.204013] cpuidle: using governor menu
[    0.205038] ACPI: bus type PCI registered
[    0.206103] acpiphp: ACPI Hot Plug PCI Controller Driver version: 0.5
[    0.208142] PCI: Using configuration type 1 for base access
[    0.212051] HugeTLB registered 2.00 MiB page size, pre-allocated 0 pages
[    0.213736] ACPI: Added _OSI(Module Device)
[    0.213736] ACPI: Added _OSI(Processor Device)
[    0.216004] ACPI: Added _OSI(3.0 _SCP Extensions)
[    0.217151] ACPI: Added _OSI(Processor Aggregator Device)
[    0.218599] ACPI: Added _OSI(Linux-Dell-Video)
[    0.220003] ACPI: Added _OSI(Linux-Lenovo-NV-HDMI-Audio)
[    0.221295] ACPI: Added _OSI(Linux-HPI-Hybrid-Graphics)
[    0.224268] ACPI: Executed 1 blocks of module-level executable AML code
[    0.229533] ACPI: Interpreter enabled
[    0.231051] ACPI: (supports S0 S5)
[    0.232004] ACPI: Using IOAPIC for interrupt routing
[    0.233457] PCI: Using host bridge windows from ACPI; if necessary, use "pci=nocrs" and report a bug
[    0.236253] ACPI: Enabled 2 GPEs in block 00 to 07
[    0.244844] ACPI: PCI Root Bridge [PCI0] (domain 0000 [bus 00-ff])
[    0.247263] acpi PNP0A03:00: _OSC: OS supports [ASPM ClockPM Segments MSI]
[    0.248602] acpi PNP0A03:00: _OSC: not requesting OS control; OS requires [ExtendedConfig ASPM ClockPM MSI]
[    0.252015] acpi PNP0A03:00: fail to add MMCONFIG information, can't access extended PCI configuration space under this bridge.
[    0.255408] PCI host bridge to bus 0000:00
[    0.256004] pci_bus 0000:00: root bus resource [io  0x0000-0x0cf7 window]
[    0.257669] pci_bus 0000:00: root bus resource [io  0x0d00-0xffff window]
[    0.260003] pci_bus 0000:00: root bus resource [mem 0x000a0000-0x000bffff window]
[    0.262157] pci_bus 0000:00: root bus resource [mem 0x40000000-0xfdffffff window]
[    0.264013] pci_bus 0000:00: root bus resource [bus 00-ff]
[    0.272444] pci 0000:00:01.1: legacy IDE quirk: reg 0x10: [io  0x01f0-0x01f7]
[    0.275037] pci 0000:00:01.1: legacy IDE quirk: reg 0x14: [io  0x03f6]
[    0.276004] pci 0000:00:01.1: legacy IDE quirk: reg 0x18: [io  0x0170-0x0177]
[    0.278253] pci 0000:00:01.1: legacy IDE quirk: reg 0x1c: [io  0x0376]
[    0.301977] pci 0000:00:07.0: quirk: [io  0x4000-0x403f] claimed by PIIX4 ACPI
[    0.304022] pci 0000:00:07.0: quirk: [io  0x4100-0x410f] claimed by PIIX4 SMB
[    0.318173] ACPI: PCI Interrupt Link [LNKA] (IRQs 5 9 10 *11)
[    0.320335] ACPI: PCI Interrupt Link [LNKB] (IRQs 5 9 *10 11)
[    0.322312] ACPI: PCI Interrupt Link [LNKC] (IRQs 5 *9 10 11)
[    0.324173] ACPI: PCI Interrupt Link [LNKD] (IRQs 5 9 10 *11)
[    0.326287] SCSI subsystem initialized
[    0.328056] pci 0000:00:02.0: vgaarb: setting as boot VGA device
[    0.329541] pci 0000:00:02.0: vgaarb: VGA device added: decodes=io+mem,owns=io+mem,locks=none
[    0.331685] pci 0000:00:02.0: vgaarb: bridge control possible
[    0.332002] vgaarb: loaded
[    0.332736] ACPI: bus type USB registered
[    0.333796] usbcore: registered new interface driver usbfs
[    0.336027] usbcore: registered new interface driver hub
[    0.337537] usbcore: registered new device driver usb
[    0.340049] EDAC MC: Ver: 3.0.0
[    0.341211] PCI: Using ACPI for IRQ routing
[    0.341491] NetLabel: Initializing
[    0.342360] NetLabel:  domain hash size = 128
[    0.344002] NetLabel:  protocols = UNLABELED CIPSOv4 CALIPSO
[    0.346214] NetLabel:  unlabeled traffic allowed by default
[    0.348114] clocksource: Switched to clocksource kvm-clock
[    0.364671] VFS: Disk quotas dquot_6.6.0
[    0.366242] VFS: Dquot-cache hash table entries: 512 (order 0, 4096 bytes)
[    0.368361] AppArmor: AppArmor Filesystem Enabled
[    0.369931] pnp: PnP ACPI init
[    0.372452] pnp: PnP ACPI: found 3 devices
[    0.383187] clocksource: acpi_pm: mask: 0xffffff max_cycles: 0xffffff, max_idle_ns: 2085701024 ns
[    0.386199] NET: Registered protocol family 2
[    0.387734] TCP established hash table entries: 8192 (order: 4, 65536 bytes)
[    0.389562] TCP bind hash table entries: 8192 (order: 5, 131072 bytes)
[    0.392895] TCP: Hash tables configured (established 8192 bind 8192)
[    0.395394] UDP hash table entries: 512 (order: 2, 16384 bytes)
[    0.397206] UDP-Lite hash table entries: 512 (order: 2, 16384 bytes)
[    0.399013] NET: Registered protocol family 1
[    0.400108] pci 0000:00:00.0: Limiting direct PCI/PCI transfers
[    0.402131] pci 0000:00:01.0: Activating ISA DMA hang workarounds
[    0.404664] pci 0000:00:02.0: Video device with shadowed ROM at [mem 0x000c0000-0x000dffff]
[    0.407647] Unpacking initramfs...
[    0.725828] Freeing initrd memory: 19728K
[    0.727708] clocksource: tsc: mask: 0xffffffffffffffff max_cycles: 0x172daa3a18b, max_idle_ns: 440795212390 ns
[    0.730319] platform rtc_cmos: registered platform RTC device (no PNP device found)
[    0.732206] Scanning for low memory corruption every 60 seconds
[    0.734455] Initialise system trusted keyrings
[    0.736035] Key type blacklist registered
[    0.737581] workingset: timestamp_bits=36 max_order=18 bucket_order=0
[    0.741077] zbud: loaded
[    0.742283] squashfs: version 4.0 (2009/01/31) Phillip Lougher
[    0.743957] fuse init (API version 7.26)
[    0.748923] Key type asymmetric registered
[    0.749954] Asymmetric key parser 'x509' registered
[    0.751188] Block layer SCSI generic (bsg) driver version 0.4 loaded (major 246)
[    0.753151] io scheduler noop registered
[    0.754897] io scheduler deadline registered
[    0.755991] io scheduler cfq registered (default)
[    0.757884] ACPI: AC Adapter [AC] (off-line)
[    0.759023] input: Power Button as /devices/LNXSYSTM:00/LNXPWRBN:00/input/input0
[    0.762112] ACPI: Power Button [PWRF]
[    0.763176] input: Sleep Button as /devices/LNXSYSTM:00/LNXSLPBN:00/input/input1
[    0.765120] ACPI: Sleep Button [SLPF]
[    0.767837] ACPI: Battery Slot [BAT0] (battery present)
[    0.769970] Serial: 8250/16550 driver, 32 ports, IRQ sharing enabled
[    0.793082] 00:02: ttyS0 at I/O 0x3f8 (irq = 4, base_baud = 115200) is a 16550A
[    0.797953] Linux agpgart interface v0.103
[    0.802393] loop: module loaded
[    0.805159] scsi host0: ata_piix
[    0.806605] scsi host1: ata_piix
[    0.807837] ata1: PATA max UDMA/33 cmd 0x1f0 ctl 0x3f6 bmdma 0xd000 irq 14
[    0.809686] ata2: PATA max UDMA/33 cmd 0x170 ctl 0x376 bmdma 0xd008 irq 15
[    0.811553] libphy: Fixed MDIO Bus: probed
[    0.812755] tun: Universal TUN/TAP device driver, 1.6
[    0.814191] PPP generic driver version 2.4.2
[    0.815651] ehci_hcd: USB 2.0 'Enhanced' Host Controller (EHCI) Driver
[    0.817578] ehci-pci: EHCI PCI platform driver
[    0.818713] ehci-platform: EHCI generic platform driver
[    0.820047] ohci_hcd: USB 1.1 'Open' Host Controller (OHCI) Driver
[    0.821574] ohci-pci: OHCI PCI platform driver
[    0.822689] ohci-platform: OHCI generic platform driver
[    0.824170] uhci_hcd: USB Universal Host Controller Interface driver
[    0.827130] i8042: PNP: PS/2 Controller [PNP0303:PS2K,PNP0f03:PS2M] at 0x60,0x64 irq 1,12
[    0.829780] serio: i8042 KBD port at 0x60,0x64 irq 1
[    0.831067] serio: i8042 AUX port at 0x60,0x64 irq 12
[    0.832462] mousedev: PS/2 mouse device common for all mice
[    0.835023] input: AT Translated Set 2 keyboard as /devices/platform/i8042/serio0/input/input2
[    0.837817] rtc_cmos rtc_cmos: rtc core: registered rtc_cmos as rtc0
[    0.840107] rtc_cmos rtc_cmos: alarms up to one day, 114 bytes nvram
[    0.841656] i2c /dev entries driver
[    0.842594] device-mapper: uevent: version 1.0.3
[    0.843836] device-mapper: ioctl: 4.37.0-ioctl (2017-09-20) initialised: dm-devel@redhat.com
[    0.846306] ledtrig-cpu: registered to indicate activity on CPUs
[    0.848923] NET: Registered protocol family 10
[    0.854032] Segment Routing with IPv6
[    0.855048] NET: Registered protocol family 17
[    0.856327] Key type dns_resolver registered
[    0.857999] mce: Using 0 MCE banks
[    0.858884] RAS: Correctable Errors collector initialized.
[    0.860236] sched_clock: Marking stable (857974345, 0)->(1090801591, -232827246)
[    0.862582] registered taskstats version 1
[    0.863614] Loading compiled-in X.509 certificates
[    0.868471] Loaded X.509 cert 'Build time autogenerated kernel key: f0020782f0d3a548186fb3f47aed88387a71e859'
[    0.871445] zswap: loaded using pool lzo/zbud
[    0.876430] Key type big_key registered
[    0.877408] Key type trusted registered
[    0.880860] Key type encrypted registered
[    0.882037] AppArmor: AppArmor sha1 policy hashing enabled
[    0.883396] ima: No TPM chip found, activating TPM-bypass! (rc=-19)
[    0.885008] ima: Allocated hash algorithm: sha1
[    0.886488] evm: HMAC attrs: 0x1
[    0.887913]   Magic number: 12:385:924
[    0.889323] rtc_cmos rtc_cmos: setting system clock to 2020-03-25 06:56:52 UTC (1585119412)
[    0.891966] BIOS EDD facility v0.16 2004-Jun-25, 0 devices found
[    0.894034] EDD information not available.
[    0.985972] Freeing unused kernel image memory: 2428K
[    0.992281] Write protecting the kernel read-only data: 20480k
[    0.995847] Freeing unused kernel image memory: 2008K
[    0.998490] Freeing unused kernel image memory: 1880K
[    1.008074] x86/mm: Checked W+X mappings: passed, no W+X pages found.
[    1.010478] x86/mm: Checking user space page tables
[    1.018423] x86/mm: Checked W+X mappings: passed, no W+X pages found.
Loading, please wait...
starting version 237
[    1.089642] e1000: Intel(R) PRO/1000 Network Driver - version 7.3.21-k8-NAPI
[    1.091468] e1000: Copyright (c) 1999-2006 Intel Corporation.
[    1.096643] Fusion MPT base driver 3.04.20
[    1.097728] Copyright (c) 1999-2008 LSI Corporation
[    1.109642] Fusion MPT SPI Host driver 3.04.20
[    1.122313] AVX2 version of gcm_enc/dec engaged.
[    1.124895] AES CTR mode by8 optimization enabled
[    1.310624] input: ImExPS/2 Generic Explorer Mouse as /devices/platform/i8042/serio1/input/input4
[    1.566193] e1000 0000:00:03.0 eth0: (PCI:33MHz:32-bit) 02:57:a3:c3:eb:b7
[    1.568527] e1000 0000:00:03.0 eth0: Intel(R) PRO/1000 Network Connection
[    1.572889] mptbase: ioc0: Initiating bringup
[    1.848628] ioc0: LSI53C1030 A0: Capabilities={Initiator}
[    2.343122] scsi host2: ioc0: LSI53C1030 A0, FwRev=00000000h, Ports=1, MaxQ=256, IRQ=20
[    2.725195] scsi 2:0:0:0: Direct-Access     VBOX     HARDDISK         1.0  PQ: 0 ANSI: 5
[    2.760479] scsi target2:0:0: Beginning Domain Validation
[    2.766562] scsi target2:0:0: Domain Validation skipping write tests
[    2.769043] scsi target2:0:0: Ending Domain Validation
[    2.771017] scsi target2:0:0: asynchronous
[    2.773492] scsi 2:0:1:0: Direct-Access     VBOX     HARDDISK         1.0  PQ: 0 ANSI: 5
[    3.080199] scsi target2:0:1: Beginning Domain Validation
[    3.083960] random: fast init done
[    3.086184] scsi target2:0:1: Domain Validation skipping write tests
[    3.087842] scsi target2:0:1: Ending Domain Validation
[    3.089615] scsi target2:0:1: asynchronous
[    3.097405] random: systemd-udevd: uninitialized urandom read (16 bytes read)
[    3.099885] random: systemd-udevd: uninitialized urandom read (16 bytes read)
[    3.102512] sd 2:0:0:0: Attached scsi generic sg0 type 0
[    3.104431] random: systemd-udevd: uninitialized urandom read (16 bytes read)
[    3.105862] sd 2:0:1:0: Attached scsi generic sg1 type 0
[    3.108222] sd 2:0:0:0: [sda] 20971520 512-byte logical blocks: (10.7 GB/10.0 GiB)
[    3.112703] sd 2:0:0:0: [sda] Write Protect is off
[    3.113952] sd 2:0:1:0: [sdb] 20480 512-byte logical blocks: (10.5 MB/10.0 MiB)
[    3.114249] sd 2:0:0:0: [sda] Incomplete mode parameter data
[    3.118457] sd 2:0:0:0: [sda] Assuming drive cache: write through
[    3.118476] sd 2:0:1:0: [sdb] Write Protect is off
[    3.122250] sd 2:0:1:0: [sdb] Incomplete mode parameter data
[    3.123249]  sda: sda1
[    3.124240] sd 2:0:1:0: [sdb] Assuming drive cache: write through
[    3.135418] sd 2:0:0:0: [sda] Attached SCSI disk
[    3.139491] sd 2:0:1:0: [sdb] Attached SCSI disk
[    3.164563] e1000 0000:00:08.0 eth1: (PCI:33MHz:32-bit) 08:00:27:6e:27:fa
[    3.166876] e1000 0000:00:08.0 eth1: Intel(R) PRO/1000 Network Connection
[    3.170804] e1000 0000:00:03.0 enp0s3: renamed from eth0
[    3.193265] e1000 0000:00:08.0 enp0s8: renamed from eth1
Begin: Loading essential drivers ... [    4.620145] raid6: sse2x1   gen()  6729 MB/s
[    4.668123] raid6: sse2x1   xor()  3588 MB/s
[    4.720510] raid6: sse2x2   gen() 13016 MB/s
[    4.768911] raid6: sse2x2   xor()  9495 MB/s
[    4.816561] raid6: sse2x4   gen() 15192 MB/s
[    4.864410] raid6: sse2x4   xor() 10087 MB/s
[    4.913539] raid6: avx2x1   gen() 23965 MB/s
[    4.960210] raid6: avx2x1   xor() 15817 MB/s
[    5.011266] raid6: avx2x2   gen() 29098 MB/s
[    5.060563] raid6: avx2x2   xor() 17771 MB/s
[    5.110056] raid6: avx2x4   gen() 31057 MB/s
[    5.156598] raid6: avx2x4   xor() 19883 MB/s
[    5.158371] raid6: using algorithm avx2x4 gen() 31057 MB/s
[    5.159802] raid6: .... xor() 19883 MB/s, rmw enabled
[    5.161604] raid6: using avx2x2 recovery algorithm
[    5.164379] xor: automatically using best checksumming function   avx       
[    5.168480] async_tx: api initialized (async)
done.
Begin: Running /scripts/init-premount ... done.
Begin: Mounting root file system ... Begin: Running /scripts/local-top ... done.
Begin: Running /scripts/local-premount ... [    5.215711] Btrfs loaded, crc32c=crc32c-intel
Scanning for Btrfs filesystems
done.
Warning: fsck not present, so skipping root file system
[    5.263861] EXT4-fs (sda1): mounted filesystem with ordered data mode. Opts: (null)
done.
Begin: Running /scripts/local-bottom ... done.
Begin: Running /scripts/init-bottom ... done.
[    5.583352] ip_tables: (C) 2000-2006 Netfilter Core Team
[    5.601128] systemd[1]: systemd 237 running in system mode. (+PAM +AUDIT +SELINUX +IMA +APPARMOR +SMACK +SYSVINIT +UTMP +LIBCRYPTSETUP +GCRYPT +GNUTLS +ACL +XZ +LZ4 +SECCOMP +BLKID +ELFUTILS +KMOD -IDN2 +IDN -PCRE2 default-hierarchy=hybrid)
[    5.607554] systemd[1]: Detected virtualization oracle.
[    5.608889] systemd[1]: Detected architecture x86-64.

Welcome to [1mUbuntu 18.04.3 LTS[0m!

[    5.617893] systemd[1]: Set hostname to <ubuntu-bionic>.
[    6.048724] systemd[1]: Started Forward Password Requests to Wall Directory Watch.
[[0;32m  OK  [0m] Started Forward Password Requests to Wall Directory Watch.
[    6.052729] systemd[1]: Set up automount Arbitrary Executable File Formats File System Automount Point.
[[0;32m  OK  [0m] Set up automount Arbitrary Executab…rmats File System Automount Point.
[    6.057942] systemd[1]: Created slice User and Session Slice.
[[0;32m  OK  [0m] Created slice User and Session Slice.
[    6.061047] systemd[1]: Reached target User and Group Name Lookups.
[[0;32m  OK  [0m] Reached target User and Group Name Lookups.
[    6.064821] systemd[1]: Reached target Swap.
[[0;32m  OK  [0m] Reached target Swap.
[    6.067372] systemd[1]: Reached target System Time Synchronized.
[[0;32m  OK  [0m] Reached target System Time Synchronized.
[[0;32m  OK  [0m] Created slice System Slice.
[[0;32m  OK  [0m] Reached target Slices.
[[0;32m  OK  [0m] Listening on udev Control Socket.
[[0;32m  OK  [0m] Listening on Journal Socket.
         Starting Load Kernel Modules...
         Starting Remount Root and Kernel File Systems...
         Starting Uncomplicated firewall...
         Mounting Kernel Debug File System...
         Starting Set the console keyboard layout...
[[0;32m  OK  [0m] Listening on udev Kernel Socket.
         Starting udev Coldplug all Devices...
[[0;32m  OK  [0m] Listening on Journal Socket (/dev/log).
[[0;32m  OK  [0m] Created slice system-serial\x2dgetty.slice.
[[0;32m  OK  [0m] Listening on Syslog Socket.
         Mounting Huge Pages File System...
         Mounting POSIX Message Queue File System...
[[0;32m  OK  [0m] Listening on LVM2 poll daemon socket.
[[0;32m  OK  [0m] Listening on LVM2 metadata daemon socket.
[    6.158644] Loading iSCSI transport class v2.0-870.
[[0;32m  OK  [0m] Listening on Device-mapper event daemon FIFOs.
         Starting Monitoring of LVM2 mirrors…ng dmeventd or progress polling...
[[0;32m  OK  [0m] Listening on Journal Audit Socket.
         Starting Journal Service...
[[0;32m  OK  [0m] Listening on Network Service Netlink Socket.
[    6.178065] EXT4-fs (sda1): re-mounted. Opts: (null)
         Starting Create list of required st…ce nodes for the current kernel...
[[0;32m  OK  [0m] Listening on /dev/initctl Compatibility Named Pipe.
[[0;32m  OK  [0m] Started Uncomplicated firewall.
[[0;32m  OK  [0m] Mounted Kernel Debug File System.
[[0;32m  OK  [0m] Started Remount Root and Kernel File Systems.
[[0;32m  OK  [0m] Mounted Huge Pages File System.
[[0;32m  OK  [0m] Mounted POSIX Message Queue File System.
[    6.220923] iscsi: registered transport (tcp)
[    6.241884] iscsi: registered transport (iser)
         Starting Load/Save Random Seed...
[[0;32m  OK  [0m] Started Load Kernel Modules.
[[0;32m  OK  [0m] Started Create list of required sta…vice nodes for the current kernel.
[[0;32m  OK  [0m] Started Journal Service.
[[0;32m  OK  [0m] Started udev Coldplug all Devices.
[[0;32m  OK  [0m] Started LVM2 metadata daemon.
         Starting Flush Journal to Persistent Storage...
         Starting Create Static Device Nodes in /dev...
         Starting Apply Kernel Variables...
         Mounting FUSE Control File System...
         Mounting Kernel Configuration File System...
[[0;32m  OK  [0m] Started Load/Save Random Seed.
[[0;32m  OK  [0m] Mounted FUSE Control File System.
[[0;32m  OK  [0m] Mounted Kernel Configuration File System.
[    6.363454] systemd-journald[418]: Received request to flush runtime journal from PID 1
[[0;32m  OK  [0m] Started Monitoring of LVM2 mirrors,…sing dmeventd or progress polling.
[[0;32m  OK  [0m] Started Create Static Device Nodes in /dev.
         Starting udev Kernel Device Manager...
[[0;32m  OK  [0m] Started Set the console keyboard layout.
[[0;32m  OK  [0m] Reached target Local File Systems (Pre).
[[0;32m  OK  [0m] Reached target Local File Systems.
         Starting Set console font and keymap...
         Starting Tell Plymouth To Write Out Runtime Data...
         Starting AppArmor initialization...
         Starting ebtables ruleset management...
[[0;32m  OK  [0m] Started Apply Kernel Variables.
[[0;32m  OK  [0m] Started Set console font and keymap.
[[0;32m  OK  [0m] Started Tell Plymouth To Write Out Runtime Data.
[[0;32m  OK  [0m] Started udev Kernel Device Manager.
[[0;32m  OK  [0m] Started Dispatch Password Requests to Console Directory Watch.
[[0;32m  OK  [0m] Reached target Local Encrypted Volumes.
[[0;32m  OK  [0m] Started ebtables ruleset management.
[[0;32m  OK  [0m] Started Flush Journal to Persistent Storage.
         Starting Create Volatile Files and Directories...
[[0;32m  OK  [0m] Started Create Volatile Files and Directories.
         Starting Update UTMP about System Boot/Shutdown...
[[0;32m  OK  [0m] Started Update UTMP about System Boot/Shutdown.
[[0;32m  OK  [0m] Started AppArmor initialization.
         Starting Initial cloud-init job (pre-networking)...
[[0;32m  OK  [0m] Found device /dev/ttyS0.
[[0;32m  OK  [0m] Listening on Load/Save RF Kill Switch Status /dev/rfkill Watch.
[    9.007730] cloud-init[522]: Cloud-init v. 19.3-41-gc4735dd3-0ubuntu1~18.04.1 running 'init-local' at Wed, 25 Mar 2020 06:57:00 +0000. Up 8.69 seconds.
[[0;32m  OK  [0m] Started Initial cloud-init job (pre-networking).
[[0;32m  OK  [0m] Reached target Network (Pre).
         Starting Network Service...
[[0;32m  OK  [0m] Started Network Service.
         Starting Wait for Network to be Configured...
         Starting Network Name Resolution...
[[0;32m  OK  [0m] Started Network Name Resolution.
[[0;32m  OK  [0m] Reached target Host and Network Name Lookups.
[[0;32m  OK  [0m] Reached target Network.
[[0;32m  OK  [0m] Started Wait for Network to be Configured.
         Starting Initial cloud-init job (metadata service crawler)...
[   11.346332] cloud-init[706]: Cloud-init v. 19.3-41-gc4735dd3-0ubuntu1~18.04.1 running 'init' at Wed, 25 Mar 2020 06:57:02 +0000. Up 11.13 seconds.
[   11.350567] cloud-init[706]: ci-info: ++++++++++++++++++++++++++++++++++++++Net device info+++++++++++++++++++++++++++++++++++++++
[   11.353400] cloud-init[706]: ci-info: +--------+------+-----------------------------+---------------+--------+-------------------+
[   11.357485] cloud-init[706]: ci-info: | Device |  Up  |           Address           |      Mask     | Scope  |     Hw-Address    |
[   11.361630] cloud-init[706]: ci-info: +--------+------+-----------------------------+---------------+--------+-------------------+
[   11.365443] cloud-init[706]: ci-info: | enp0s3 | True |          10.0.2.15          | 255.255.255.0 | global | 02:57:a3:c3:eb:b7 |
[   11.370040] cloud-init[706]: ci-info: | enp0s3 | True |  fe80::57:a3ff:fec3:ebb7/64 |       .       |  link  | 02:57:a3:c3:eb:b7 |
[   11.373450] cloud-init[706]: ci-info: | enp0s8 | True |        192.168.33.10        | 255.255.255.0 | global | 08:00:27:6e:27:fa |
[   11.377225] cloud-init[706]: ci-info: | enp0s8 | True | fe80::a00:27ff:fe6e:27fa/64 |       .       |  link  | 08:00:27:6e:27:fa |
[   11.381321] cloud-init[706]: ci-info: |   lo   | True |          127.0.0.1          |   255.0.0.0   |  host  |         .         |
[   11.396690] cloud-init[706]: ci-info: |   lo   | True |           ::1/128           |       .       |  host  |         .         |
[   11.400536] cloud-init[706]: ci-info: +--------+------+-----------------------------+---------------+--------+-------------------+
[   11.404447] cloud-init[706]: ci-info: +++++++++++++++++++++++++++++Route IPv4 info+++++++++++++++++++++++++++++
[   11.408783] cloud-init[706]: ci-info: +-------+--------------+----------+-----------------+-----------+-------+
[   11.412194] cloud-init[706]: ci-info: | Route | Destination  | Gateway  |     Genmask     | Interface | Flags |
[   11.416660] cloud-init[706]: ci-info: +-------+--------------+----------+-----------------+-----------+-------+
[   11.420253] cloud-init[706]: ci-info: |   0   |   0.0.0.0    | 10.0.2.2 |     0.0.0.0     |   enp0s3  |   UG  |
[   11.423696] cloud-init[706]: ci-info: |   1   |   10.0.2.0   | 0.0.0.0  |  255.255.255.0  |   enp0s3  |   U   |
[   11.427545] cloud-init[706]: ci-info: |   2   |   10.0.2.2   | 0.0.0.0  | 255.255.255.255 |   enp0s3  |   UH  |
[   11.431996] cloud-init[706]: ci-info: |   3   | 192.168.33.0 | 0.0.0.0  |  255.255.255.0  |   enp0s8  |   U   |
[   11.437868] cloud-init[706]: ci-info: +-------+--------------+----------+-----------------+-----------+-------+
[   11.442758] cloud-init[706]: ci-info: +++++++++++++++++++Route IPv6 info+++++++++++++++++++
[   11.447637] cloud-init[706]: ci-info: +-------+-------------+---------+-----------+-------+
[   11.450864] cloud-init[706]: ci-info: | Route | Destination | Gateway | Interface | Flags |
[   11.454704] cloud-init[706]: ci-info: +-------+-------------+---------+-----------+-------+
[   11.458031] cloud-init[706]: ci-info: |   1   |  fe80::/64  |    ::   |   enp0s8  |   U   |
[   11.461538] cloud-init[706]: ci-info: |   2   |  fe80::/64  |    ::   |   enp0s3  |   U   |
[   11.465565] cloud-init[706]: ci-info: |   4   |    local    |    ::   |   enp0s3  |   U   |
[   11.468811] cloud-init[706]: ci-info: |   5   |    local    |    ::   |   enp0s8  |   U   |
[   11.471391] cloud-init[706]: ci-info: |   6   |   ff00::/8  |    ::   |   enp0s8  |   U   |
[   11.474832] cloud-init[706]: ci-info: |   7   |   ff00::/8  |    ::   |   enp0s3  |   U   |
[   11.477217] cloud-init[706]: ci-info: +-------+-------------+---------+-----------+-------+
[[0;32m  OK  [0m] Started Initial cloud-init job (metadata service crawler).
[[0;32m  OK  [0m] Reached target Network is Online.
[[0;32m  OK  [0m] Reached target Remote File Systems (Pre).
[[0;32m  OK  [0m] Reached target Remote File Systems.
         Starting Availability of block devices...
[[0;32m  OK  [0m] Reached target System Initialization.
[[0;32m  OK  [0m] Listening on UUID daemon activation socket.
         Starting Socket activation for snappy daemon.
[[0;32m  OK  [0m] Started Daily apt download activities.
[[0;32m  OK  [0m] Started Discard unused blocks once a week.
[[0;32m  OK  [0m] Started Daily Cleanup of Temporary Directories.
[[0;32m  OK  [0m] Started Daily apt upgrade and clean activities.
[[0;32m  OK  [0m] Listening on ACPID Listen Socket.
         Starting LXD - unix socket.
[[0;32m  OK  [0m] Listening on D-Bus System Message Bus Socket.
[[0;32m  OK  [0m] Started ACPI Events Check.
[[0;32m  OK  [0m] Reached target Paths.
[[0;32m  OK  [0m] Started Message of the Day.
[[0;32m  OK  [0m] Reached target Timers.
[[0;32m  OK  [0m] Listening on Open-iSCSI iscsid Socket.
[[0;32m  OK  [0m] Reached target Cloud-config availability.
[[0;32m  OK  [0m] Started Availability of block devices.
[[0;32m  OK  [0m] Listening on Socket activation for snappy daemon.
[[0;32m  OK  [0m] Listening on LXD - unix socket.
[[0;32m  OK  [0m] Reached target Sockets.
[[0;32m  OK  [0m] Reached target Basic System.
[[0;32m  OK  [0m] Started Deferred execution scheduler.
         Starting Accounts Service...
         Starting Permit User Sessions...
         Starting vboxadd.service...
         Starting OpenBSD Secure Shell server...
         Starting Dispatcher daemon for systemd-networkd...
         Starting LXD - container startup/shutdown...
[[0;32m  OK  [0m] Started FUSE filesystem for LXC.
[[0;32m  OK  [0m] Started D-Bus System Message Bus.
         Starting Login Service...
         Starting LSB: Record successful boot for GRUB...
         Starting LSB: automatic crash report generation...
[[0;32m  OK  [0m] Started irqbalance daemon.
         Starting System Logging Service...
[[0;32m  OK  [0m] Started Regular background program processing daemon.
         Starting Snappy daemon...
[[0;32m  OK  [0m] Started System Logging Service.
[[0;32m  OK  [0m] Started Permit User Sessions.
[[0;32m  OK  [0m] Started LXD - container startup/shutdown.
[[0;32m  OK  [0m] Started OpenBSD Secure Shell server.
[[0;32m  OK  [0m] Started Login Service.
[[0;32m  OK  [0m] Started Unattended Upgrades Shutdown.
         Starting Authorization Manager...
         Starting Hold until boot process finishes up...
         Starting Terminate Plymouth Boot Screen...
[[0;32m  OK  [0m] Started Hold until boot process finishes up.
[[0;32m  OK  [0m] Started Terminate Plymouth Boot Screen.
[[0;32m  OK  [0m] Started Serial Getty on ttyS0.
         Starting Set console scheme...
[[0;32m  OK  [0m] Started Set console scheme.
[[0;32m  OK  [0m] Started LSB: automatic crash report generation.
[[0;32m  OK  [0m] Created slice system-getty.slice.
[[0;32m  OK  [0m] Started Getty on tty1.
[[0;32m  OK  [0m] Reached target Login Prompts.
[[0;32m  OK  [0m] Started LSB: Record successful boot for GRUB.
[[0;32m  OK  [0m] Started Dispatcher daemon for systemd-networkd.
[[0;32m  OK  [0m] Started Authorization Manager.
[[0;32m  OK  [0m] Started Accounts Service.
[[0;32m  OK  [0m] Created slice User Slice of vagrant.
         Starting User Manager for UID 1000...
[[0;32m  OK  [0m] Started Session 1 of user vagrant.
[[0;32m  OK  [0m] Started Snappy daemon.
         Starting Wait until snapd is fully seeded...
[[0;32m  OK  [0m] Started User Manager for UID 1000.
[[0;32m  OK  [0m] Started Wait until snapd is fully seeded.
         Starting Apply the settings specified in cloud-config...
[   15.012042] cloud-init[1061]: Cloud-init v. 19.3-41-gc4735dd3-0ubuntu1~18.04.1 running 'modules:config' at Wed, 25 Mar 2020 06:57:06 +0000. Up 14.85 seconds.
[[0;32m  OK  [0m] Started Apply the settings specified in cloud-config.
[[0;32m  OK  [0m] Started vboxadd.service.
         Starting vboxadd-service.service...
[[0;32m  OK  [0m] Started vboxadd-service.service.
[[0;32m  OK  [0m] Reached target Multi-User System.
         Starting Execute cloud user/final scripts...
[[0;32m  OK  [0m] Reached target Graphical Interface.
         Starting Update UTMP about System Runlevel Changes...
[[0;32m  OK  [0m] Started Update UTMP about System Runlevel Changes.
[   16.136149] cloud-init[1196]: Cloud-init v. 19.3-41-gc4735dd3-0ubuntu1~18.04.1 running 'modules:final' at Wed, 25 Mar 2020 06:57:07 +0000. Up 15.92 seconds.
[   16.140494] cloud-init[1196]: Cloud-init v. 19.3-41-gc4735dd3-0ubuntu1~18.04.1 finished at Wed, 25 Mar 2020 06:57:07 +0000. Datasource DataSourceNoCloud [seed=/dev/sdb][dsmode=net].  Up 16.12 seconds
[[0;32m  OK  [0m] Started Execute cloud user/final scripts.
[[0;32m  OK  [0m] Reached target Cloud-init target.

Ubuntu 18.04.3 LTS ubuntu-bionic ttyS0

ubuntu-bionic login:          Stopping Session 6 of user vagrant.
[[0;32m  OK  [0m] Stopped target Graphical Interface.
         Stopping Availability of block devices...
         Stopping Authorization Manager...
         Stopping Accounts Service...
[[0;32m  OK  [0m] Stopped target Host and Network Name Lookups.
[[0;32m  OK  [0m] Stopped target Cloud-init target.
[[0;32m  OK  [0m] Stopped Execute cloud user/final scripts.
[[0;32m  OK  [0m] Stopped target Multi-User System.
         Stopping D-Bus System Message Bus...
         Stopping FUSE filesystem for LXC...
         Stopping LSB: Record successful boot for GRUB...
         Stopping irqbalance daemon...
         Stopping Deferred execution scheduler...
         Stopping Unattended Upgrades Shutdown...
         Stopping LSB: automatic crash report generation...
         Stopping Regular background program processing daemon...
         Stopping LXD - container startup/shutdown...
[[0;32m  OK  [0m] Stopped target Login Prompts.
         Stopping Getty on tty1...
         Stopping Serial Getty on ttyS0...
         Stopping OpenBSD Secure Shell server...
         Stopping vboxadd-service.service...
[[0;32m  OK  [0m] Stopped Apply the settings specified in cloud-config.
[[0;32m  OK  [0m] Stopped Wait until snapd is fully seeded.
[[0;32m  OK  [0m] Stopped target Network is Online.
         Stopping System Logging Service...
         Stopping Dispatcher daemon for systemd-networkd...
[[0;32m  OK  [0m] Stopped target Cloud-config availability.
[[0;32m  OK  [0m] Closed Load/Save RF Kill Switch Status /dev/rfkill Watch.
[[0;32m  OK  [0m] Stopped target Timers.
[[0;32m  OK  [0m] Stopped Daily Cleanup of Temporary Directories.
[[0;32m  OK  [0m] Stopped Discard unused blocks once a week.
[[0;32m  OK  [0m] Stopped Message of the Day.
[[0;32m  OK  [0m] Stopped Daily apt upgrade and clean activities.
         Stopping User Manager for UID 1000...
[[0;32m  OK  [0m] Stopped Daily apt download activities.
[[0;32m  OK  [0m] Stopped target System Time Synchronized.
[[0;32m  OK  [0m] Unmounted /var/lib/lxcfs.
[[0;32m  OK  [0m] Stopped Deferred execution scheduler.
[[0;32m  OK  [0m] Stopped Accounts Service.
[[0;32m  OK  [0m] Stopped Dispatcher daemon for systemd-networkd.
[[0;32m  OK  [0m] Stopped irqbalance daemon.
[[0;32m  OK  [0m] Stopped System Logging Service.
[[0;32m  OK  [0m] Stopped Regular background program processing daemon.
[[0;32m  OK  [0m] Stopped OpenBSD Secure Shell server.
[[0;32m  OK  [0m] Stopped Unattended Upgrades Shutdown.
[[0;32m  OK  [0m] Stopped Authorization Manager.
[[0;32m  OK  [0m] Stopped Serial Getty on ttyS0.
[[0;32m  OK  [0m] Stopped Getty on tty1.
[[0;32m  OK  [0m] Stopped User Manager for UID 1000.
[[0;32m  OK  [0m] Stopped Availability of block devices.
[[0;32m  OK  [0m] Stopped D-Bus System Message Bus.
[[0;32m  OK  [0m] Stopped vboxadd-service.service.
[[0;32m  OK  [0m] Stopped FUSE filesystem for LXC.
[[0;32m  OK  [0m] Stopped Session 6 of user vagrant.
         Stopping vboxadd.service...
[[0;32m  OK  [0m] Removed slice User Slice of vagrant.
[[0;32m  OK  [0m] Removed slice system-getty.slice.
         Stopping Permit User Sessions...
[[0;32m  OK  [0m] Removed slice system-serial\x2dgetty.slice.
         Stopping Login Service...
[[0;32m  OK  [0m] Stopped LSB: Record successful boot for GRUB.
[[0;32m  OK  [0m] Stopped Permit User Sessions.
[[0;32m  OK  [0m] Stopped target Network.
         Stopping Network Name Resolution...
[[0;32m  OK  [0m] Stopped LSB: automatic crash report generation.
[[0;32m  OK  [0m] Stopped LXD - container startup/shutdown.
[[0;32m  OK  [0m] Stopped target Remote File Systems.
[[0;32m  OK  [0m] Stopped target Remote File Systems (Pre).
[[0;32m  OK  [0m] Stopped Network Name Resolution.
         Stopping Network Service...
[[0;32m  OK  [0m] Stopped Login Service.
[[0;32m  OK  [0m] Stopped target User and Group Name Lookups.
[[0;32m  OK  [0m] Stopped Network Service.
[[0;32m  OK  [0m] Stopped target Network (Pre).
[[0;32m  OK  [0m] Unmounted /vagrant.
[[0;32m  OK  [0m] Stopped vboxadd.service.
[[0;32m  OK  [0m] Stopped target Basic System.
[[0;32m  OK  [0m] Stopped target Sockets.
[[0;32m  OK  [0m] Closed D-Bus System Message Bus Socket.
[[0;32m  OK  [0m] Closed Open-iSCSI iscsid Socket.
[[0;32m  OK  [0m] Closed Socket activation for snappy daemon.
[[0;32m  OK  [0m] Closed Syslog Socket.
[[0;32m  OK  [0m] Closed LXD - unix socket.
[[0;32m  OK  [0m] Closed UUID daemon activation socket.
[[0;32m  OK  [0m] Closed ACPID Listen Socket.
[[0;32m  OK  [0m] Stopped target Slices.
[[0;32m  OK  [0m] Removed slice User and Session Slice.
[[0;32m  OK  [0m] Stopped target Paths.
[[0;32m  OK  [0m] Stopped ACPI Events Check.
[[0;32m  OK  [0m] Stopped target System Initialization.
         Stopping Update UTMP about System Boot/Shutdown...
[[0;32m  OK  [0m] Stopped target Local Encrypted Volumes.
[[0;32m  OK  [0m] Stopped Forward Password Requests to Wall Directory Watch.
[[0;32m  OK  [0m] Stopped Dispatch Password Requests to Console Directory Watch.
[[0;32m  OK  [0m] Stopped Apply Kernel Variables.
[[0;32m  OK  [0m] Stopped Load Kernel Modules.
[[0;32m  OK  [0m] Stopped Initial cloud-init job (metadata service crawler).
[[0;32m  OK  [0m] Stopped Initial cloud-init job (pre-networking).
         Stopping Load/Save Random Seed...
[[0;32m  OK  [0m] Stopped Load/Save Random Seed.
[[0;32m  OK  [0m] Stopped Update UTMP about System Boot/Shutdown.
[[0;32m  OK  [0m] Stopped Create Volatile Files and Directories.
[[0;32m  OK  [0m] Stopped target Local File Systems.
         Unmounting /run/user/1000...
[[0;32m  OK  [0m] Unmounted /run/user/1000.
[[0;32m  OK  [0m] Reached target Unmount All Filesystems.
[[0;32m  OK  [0m] Stopped target Local File Systems (Pre).
[[0;32m  OK  [0m] Stopped Remount Root and Kernel File Systems.
         Stopping Monitoring of LVM2 mirrors…ng dmeventd or progress polling...
[[0;32m  OK  [0m] Stopped Create Static Device Nodes in /dev.
[[0;32m  OK  [0m] Stopped target Swap.
[[0;32m  OK  [0m] Reached target Shutdown.
[[0;32m  OK  [0m] Reached target Final Step.
         Starting Power-Off...
[[0;32m  OK  [0m] Stopped Monitoring of LVM2 mirrors,…sing dmeventd or progress polling.
         Stopping LVM2 metadata daemon...
[[0;32m  OK  [0m] Stopped LVM2 metadata daemon.
[ 4023.933807] reboot: Power down
